{"level":"info","message":"Your app is listening on port 8080","timestamp":"2017-05-24T00:59:59.905Z"}
{"level":"info","message":"Retrieved blog posts","timestamp":"2017-05-24T01:00:05.407Z"}
{"level":"info","message":"Your app is listening on port 8080","timestamp":"2017-05-24T01:01:45.001Z"}
{"level":"info","message":"\u001b[34mRetrieved blog posts\u001b[39m","timestamp":"2017-05-24T01:01:50.940Z"}
{"level":"info","message":"Your app is listening on port 8080","timestamp":"2017-05-24T01:44:14.569Z"}
{"level":"info","message":"Your app is listening on port 8080","timestamp":"2017-05-24T01:47:36.417Z"}
{"level":"info","message":"Your app is listening on port 8080","timestamp":"2017-05-24T01:47:40.085Z"}
{"level":"info","message":"\u001b[34mRetrieved blog posts\u001b[39m","timestamp":"2017-05-24T01:48:04.363Z"}
{"level":"info","message":"Your app is listening on port 8080","timestamp":"2017-05-24T01:49:35.946Z"}
{"level":"info","message":"\u001b[34mRetrieved blog posts\u001b[39m","timestamp":"2017-05-24T01:49:39.338Z"}
{"level":"info","message":"Your app is listening on port 8080","timestamp":"2017-05-24T01:52:22.688Z"}
{"level":"info","message":"\u001b[34mRetrieved blog posts\u001b[39m","timestamp":"2017-05-24T01:52:26.070Z"}
{"level":"info","message":"\u001b[34mRetrieved blog post with ID 5ff76451-c19f-45cd-b8a8-b32f64707949\u001b[39m","timestamp":"2017-05-24T01:52:32.385Z"}
{"level":"info","message":"\u001b[34mRetrieved blog post with ID 5ff76451-c19f-45cd-b32f64707949\u001b[39m","timestamp":"2017-05-24T01:53:29.844Z"}
{"level":"info","message":"Your app is listening on port 8080","timestamp":"2017-05-24T01:54:27.411Z"}
{"level":"info","message":"\u001b[34mRetrieved blog posts\u001b[39m","timestamp":"2017-05-24T01:54:57.415Z"}
{"level":"info","message":"\u001b[34mRetrieved blog post with ID 471adb77-f8a9-45f3-94f9-483228dc1dd9\u001b[39m","timestamp":"2017-05-24T01:55:04.657Z"}
{"level":"error","message":"\u001b[31mThe ID in URL (471adb77-f8a9-45f3-94f9-483228dc1dd9) and body (1242252a-05dc-40de-a6d7-29cbb133df69) must match\u001b[39m","timestamp":"2017-05-24T01:58:39.183Z"}
{"level":"info","message":"\u001b[34mRetrieved blog posts\u001b[39m","timestamp":"2017-05-24T01:58:51.068Z"}
{"level":"info","message":"Your app is listening on port 8080","timestamp":"2017-05-24T01:59:32.015Z"}
{"level":"info","message":"\u001b[34mRetrieved blog posts\u001b[39m","timestamp":"2017-05-24T01:59:37.046Z"}
{"level":"info","message":"Your app is listening on port 8080","timestamp":"2017-05-24T02:00:54.846Z"}
{"level":"info","message":"Your app is listening on port 8080","timestamp":"2017-05-24T02:02:03.031Z"}
{"level":"info","message":"\u001b[34mRetrieved blog posts\u001b[39m","timestamp":"2017-05-24T02:02:07.474Z"}
{"level":"info","message":"\u001b[34mUpdated a post with ID 202cb852-7dcc-4a62-80c6-d8cdad901944\u001b[39m","timestamp":"2017-05-24T02:02:21.281Z"}
{"level":"error","message":"\u001b[31mThe ID in URL (202cb852-7dcc-4a62-80c6-d8cd) and body (202cb852-7dcc-4a62-80c6-d8cdad901944) must match\u001b[39m","timestamp":"2017-05-24T02:02:28.422Z"}
{"level":"info","message":"\u001b[34mRetrieved blog post with ID 202cb852-7dcc-4a62-80c6-d8cdad901944\u001b[39m","timestamp":"2017-05-24T02:02:53.739Z"}
{"level":"info","message":"\u001b[34mRetrieved blog posts\u001b[39m","timestamp":"2017-05-24T02:03:01.957Z"}
{"level":"info","message":"Your app is listening on port 8080","timestamp":"2017-05-24T02:03:34.534Z"}
{"level":"info","message":"\u001b[34mRetrieved blog posts\u001b[39m","timestamp":"2017-05-24T02:03:38.711Z"}
{"level":"info","message":"Your app is listening on port 8080","timestamp":"2017-05-24T02:04:03.688Z"}
{"level":"info","message":"\u001b[34mRetrieved blog posts\u001b[39m","timestamp":"2017-05-24T02:04:06.634Z"}
{"level":"info","message":"\u001b[34mDeleted a post with ID d926d900-a967-46d4-8ec9-10f820ba1f93\u001b[39m","timestamp":"2017-05-24T02:04:14.496Z"}
{"level":"info","message":"\u001b[34mRetrieved blog posts\u001b[39m","timestamp":"2017-05-24T02:04:20.446Z"}
